# JRE version: OpenJDK Runtime Environment Temurin-17.0.9+9 (17.0.9+9) (build 17.0.9+9)
# Java VM: OpenJDK 64-Bit Server VM Temurin-17.0.9+9 (17.0.9+9, mixed mode, emulated-client, tiered, compressed oops, compressed class ptrs, g1 gc, windows-amd64)
GC Precious Log:
 CPUs: 12 total, 12 available
 Memory: 7514M
 Large Page Support: Disabled
 NUMA Support: Disabled
 Compressed Oops: Enabled (32-bit)
 Heap Region Size: 1M
 Heap Min Capacity: 8M
 Heap Initial Capacity: 118M
 Heap Max Capacity: 1G
 Pre-touch: Disabled
 Parallel Workers: 10
 Concurrent Workers: 3
 Concurrent Refinement Workers: 10
 Periodic GC: Disabled
Heap:
 garbage-first heap   total 92160K, used 33897K [0x00000000c0000000, 0x0000000100000000)
  region size 1024K, 1 young (1024K), 0 survivors (0K)
 Metaspace       used 60470K, committed 60992K, reserved 1114112K
  class space    used 7242K, committed 7488K, reserved 1048576K
GC Heap History (20 events):
Event: 109217.225 GC heap before
{Heap before GC invocations=2314 (full 2280):
 garbage-first heap   total 92160K, used 33897K [0x00000000c0000000, 0x0000000100000000)
  region size 1024K, 1 young (1024K), 0 survivors (0K)
 Metaspace       used 60470K, committed 60992K, reserved 1114112K
  class space    used 7242K, committed 7488K, reserved 1048576K
}
Event: 109217.288 GC heap after
{Heap after GC invocations=2315 (full 2281):
 garbage-first heap   total 92160K, used 33897K [0x00000000c0000000, 0x0000000100000000)
  region size 1024K, 0 young (0K), 0 survivors (0K)
 Metaspace       used 60470K, committed 60992K, reserved 1114112K
  class space    used 7242K, committed 7488K, reserved 1048576K
}
Event: 109228.146 GC heap before
{Heap before GC invocations=2315 (full 2281):
 garbage-first heap   total 92160K, used 33897K [0x00000000c0000000, 0x0000000100000000)
  region size 1024K, 1 young (1024K), 0 survivors (0K)
 Metaspace       used 60470K, committed 60992K, reserved 1114112K
  class space    used 7242K, committed 7488K, reserved 1048576K
}
Event: 109228.211 GC heap after
{Heap after GC invocations=2316 (full 2282):
 garbage-first heap   total 92160K, used 33897K [0x00000000c0000000, 0x0000000100000000)
  region size 1024K, 0 young (0K), 0 survivors (0K)
 Metaspace       used 60470K, committed 60992K, reserved 1114112K
  class space    used 7242K, committed 7488K, reserved 1048576K
}
Event: 109239.247 GC heap before
{Heap before GC invocations=2316 (full 2282):
 garbage-first heap   total 92160K, used 33897K [0x00000000c0000000, 0x0000000100000000)
  region size 1024K, 1 young (1024K), 0 survivors (0K)
 Metaspace       used 60470K, committed 60992K, reserved 1114112K
  class space    used 7242K, committed 7488K, reserved 1048576K
}
Event: 109239.322 GC heap after
{Heap after GC invocations=2317 (full 2283):
 garbage-first heap   total 92160K, used 33897K [0x00000000c0000000, 0x0000000100000000)
  region size 1024K, 0 young (0K), 0 survivors (0K)
 Metaspace       used 60470K, committed 60992K, reserved 1114112K
  class space    used 7242K, committed 7488K, reserved 1048576K
}
Event: 109250.152 GC heap before
{Heap before GC invocations=2317 (full 2283):
 garbage-first heap   total 92160K, used 33897K [0x00000000c0000000, 0x0000000100000000)
  region size 1024K, 1 young (1024K), 0 survivors (0K)
 Metaspace       used 60470K, committed 60992K, reserved 1114112K
  class space    used 7242K, committed 7488K, reserved 1048576K
}
Event: 109250.217 GC heap after
{Heap after GC invocations=2318 (full 2284):
 garbage-first heap   total 92160K, used 33897K [0x00000000c0000000, 0x0000000100000000)
  region size 1024K, 0 young (0K), 0 survivors (0K)
 Metaspace       used 60470K, committed 60992K, reserved 1114112K
  class space    used 7242K, committed 7488K, reserved 1048576K
}
Event: 109261.064 GC heap before
{Heap before GC invocations=2318 (full 2284):
 garbage-first heap   total 92160K, used 33897K [0x00000000c0000000, 0x0000000100000000)
  region size 1024K, 1 young (1024K), 0 survivors (0K)
 Metaspace       used 60470K, committed 60992K, reserved 1114112K
  class space    used 7242K, committed 7488K, reserved 1048576K
}
Event: 109261.131 GC heap after
{Heap after GC invocations=2319 (full 2285):
 garbage-first heap   total 92160K, used 33897K [0x00000000c0000000, 0x0000000100000000)
  region size 1024K, 0 young (0K), 0 survivors (0K)
 Metaspace       used 60470K, committed 60992K, reserved 1114112K
  class space    used 7242K, committed 7488K, reserved 1048576K
}
Event: 109272.168 GC heap before
{Heap before GC invocations=2319 (full 2285):
 garbage-first heap   total 92160K, used 33897K [0x00000000c0000000, 0x0000000100000000)
  region size 1024K, 1 young (1024K), 0 survivors (0K)
 Metaspace       used 60470K, committed 60992K, reserved 1114112K
  class space    used 7242K, committed 7488K, reserved 1048576K
}
Event: 109272.242 GC heap after
{Heap after GC invocations=2320 (full 2286):
 garbage-first heap   total 92160K, used 33897K [0x00000000c0000000, 0x0000000100000000)
  region size 1024K, 0 young (0K), 0 survivors (0K)
 Metaspace       used 60470K, committed 60992K, reserved 1114112K
  class space    used 7242K, committed 7488K, reserved 1048576K
}
Event: 109283.175 GC heap before
{Heap before GC invocations=2320 (full 2286):
 garbage-first heap   total 92160K, used 33897K [0x00000000c0000000, 0x0000000100000000)
  region size 1024K, 1 young (1024K), 0 survivors (0K)
 Metaspace       used 60470K, committed 60992K, reserved 1114112K
  class space    used 7242K, committed 7488K, reserved 1048576K
}
Event: 109283.238 GC heap after
{Heap after GC invocations=2321 (full 2287):
 garbage-first heap   total 92160K, used 33897K [0x00000000c0000000, 0x0000000100000000)
  region size 1024K, 0 young (0K), 0 survivors (0K)
 Metaspace       used 60470K, committed 60992K, reserved 1114112K
  class space    used 7242K, committed 7488K, reserved 1048576K
}
Event: 109294.094 GC heap before
{Heap before GC invocations=2321 (full 2287):
 garbage-first heap   total 92160K, used 33897K [0x00000000c0000000, 0x0000000100000000)
  region size 1024K, 1 young (1024K), 0 survivors (0K)
 Metaspace       used 60470K, committed 60992K, reserved 1114112K
  class space    used 7242K, committed 7488K, reserved 1048576K
}
Event: 109294.151 GC heap after
{Heap after GC invocations=2322 (full 2288):
 garbage-first heap   total 92160K, used 33897K [0x00000000c0000000, 0x0000000100000000)
  region size 1024K, 0 young (0K), 0 survivors (0K)
 Metaspace       used 60470K, committed 60992K, reserved 1114112K
  class space    used 7242K, committed 7488K, reserved 1048576K
}
Event: 109304.944 GC heap before
{Heap before GC invocations=2322 (full 2288):
 garbage-first heap   total 92160K, used 33897K [0x00000000c0000000, 0x0000000100000000)
  region size 1024K, 1 young (1024K), 0 survivors (0K)
 Metaspace       used 60470K, committed 60992K, reserved 1114112K
  class space    used 7242K, committed 7488K, reserved 1048576K
}
Event: 109304.992 GC heap after
{Heap after GC invocations=2323 (full 2289):
 garbage-first heap   total 92160K, used 33897K [0x00000000c0000000, 0x0000000100000000)
  region size 1024K, 0 young (0K), 0 survivors (0K)
 Metaspace       used 60470K, committed 60992K, reserved 1114112K
  class space    used 7242K, committed 7488K, reserved 1048576K
}
Event: 138448.773 GC heap before
{Heap before GC invocations=2323 (full 2289):
 garbage-first heap   total 92160K, used 33897K [0x00000000c0000000, 0x0000000100000000)
  region size 1024K, 1 young (1024K), 0 survivors (0K)
 Metaspace       used 60470K, committed 60992K, reserved 1114112K
  class space    used 7242K, committed 7488K, reserved 1048576K
}
Event: 138448.853 GC heap after
{Heap after GC invocations=2324 (full 2290):
 garbage-first heap   total 92160K, used 33897K [0x00000000c0000000, 0x0000000100000000)
  region size 1024K, 0 young (0K), 0 survivors (0K)
 Metaspace       used 60470K, committed 60992K, reserved 1114112K
  class space    used 7242K, committed 7488K, reserved 1048576K
}

